SF:lib/src/features/authentication/data/fake_auth_repository.dart
DA:8,3
DA:9,3
DA:11,1
DA:12,1
DA:13,1
DA:14,1
DA:18,1
DA:20,1
DA:21,1
DA:25,1
DA:28,2
DA:31,3
DA:33,1
DA:34,3
DA:35,3
DA:41,0
DA:42,0
DA:43,0
DA:47,0
DA:48,0
DA:49,0
LF:21
LH:15
end_of_record
SF:lib/src/features/authentication/presentation/account/account_screen_controller.dart
DA:5,1
DA:6,1
DA:9,1
DA:10,1
DA:11,5
DA:15,0
DA:16,0
DA:17,0
DA:18,0
DA:19,0
LF:10
LH:5
end_of_record
SF:lib/src/features/authentication/domain/app_user.dart
DA:4,1
DA:11,1
DA:16,3
DA:17,3
DA:20,0
DA:21,0
LF:6
LH:4
end_of_record
SF:lib/src/utils/in_memory_store.dart
DA:6,2
DA:12,3
DA:15,3
DA:18,3
DA:21,3
LF:5
LH:5
end_of_record
SF:lib/src/features/authentication/presentation/sign_in/email_password_sign_in_controller.dart
DA:7,1
DA:10,2
DA:13,1
DA:14,3
DA:15,3
DA:16,3
DA:17,2
DA:20,1
DA:21,2
DA:22,1
DA:23,2
DA:24,0
DA:25,0
DA:29,0
DA:30,0
DA:34,0
DA:35,0
DA:36,0
DA:37,0
DA:38,0
LF:20
LH:11
end_of_record
SF:lib/src/features/authentication/presentation/sign_in/email_password_sign_in_state.dart
DA:20,1
DA:28,0
DA:30,1
DA:34,1
DA:35,1
DA:36,0
DA:40,1
DA:42,3
DA:44,1
DA:48,1
DA:49,3
DA:50,3
DA:53,1
DA:54,5
DA:58,0
DA:59,0
DA:60,0
DA:62,0
DA:67,0
DA:68,0
DA:69,0
DA:71,0
DA:75,0
DA:76,0
DA:77,0
DA:79,0
DA:83,0
DA:84,0
DA:91,0
DA:92,0
DA:93,0
DA:95,0
DA:99,0
DA:100,0
DA:101,0
DA:103,0
DA:107,0
DA:108,0
DA:111,0
DA:112,0
DA:113,0
DA:115,0
DA:118,0
DA:119,0
DA:120,0
DA:121,0
DA:122,0
DA:126,0
DA:127,0
DA:128,0
DA:129,0
DA:130,0
LF:52
LH:12
end_of_record
SF:lib/src/features/authentication/presentation/sign_in/string_validators.dart
DA:10,1
DA:13,0
DA:17,0
DA:18,0
DA:19,0
DA:20,0
DA:27,0
DA:34,0
DA:37,0
DA:40,0
DA:41,0
DA:50,0
DA:54,2
DA:58,0
DA:60,0
DA:65,1
DA:68,0
DA:70,0
LF:18
LH:3
end_of_record
SF:lib/src/localization/string_hardcoded.dart
DA:4,0
LF:1
LH:0
end_of_record
SF:lib/src/features/products/data/fake_products_repository.dart
DA:8,1
DA:9,1
DA:12,1
DA:14,5
DA:20,1
DA:21,1
DA:22,2
DA:25,1
DA:26,1
DA:27,1
DA:30,1
DA:31,3
DA:33,4
DA:41,0
DA:42,0
DA:45,0
DA:46,0
DA:47,0
DA:48,0
DA:51,0
DA:52,0
DA:53,0
DA:54,0
DA:57,0
DA:58,0
DA:59,0
DA:60,0
LF:27
LH:13
end_of_record
SF:lib/src/features/products/domain/product.dart
DA:7,1
DA:28,1
DA:30,9
DA:33,1
DA:38,0
DA:39,0
DA:40,0
DA:41,0
DA:42,0
DA:43,0
DA:44,0
DA:45,0
DA:48,1
DA:50,3
DA:51,3
DA:52,3
DA:53,3
DA:54,3
DA:55,3
DA:56,3
DA:57,2
LF:21
LH:13
end_of_record
